[2024-11-21 00:35:39.761 +00:00] [INF] [65] Jellyfin.Server.Implementations.Users.UserManager: Authentication request for "ryan" has succeeded.
[2024-11-21 00:35:39.761 +00:00] [INF] [65] Emby.Server.Implementations.Session.SessionManager: Current/Max sessions for user "ryan": 1/0
[2024-11-21 00:35:39.763 +00:00] [INF] [65] Emby.Server.Implementations.Session.SessionManager: Creating new access token for user 23d5ab89-ffde-49aa-99b4-0d74fea4e295
[2024-11-21 00:35:39.999 +00:00] [INF] [65] Emby.Server.Implementations.HttpServer.WebSocketManager: WS "192.168.3.1" request
[2024-11-21 00:35:58.854 +00:00] [INF] [65] Emby.Server.Implementations.HttpServer.WebSocketManager: WS "192.168.3.1" request
[2024-11-21 00:35:58.856 +00:00] [INF] [105] Emby.Server.Implementations.HttpServer.WebSocketManager: WS "192.168.3.1" closed
[2024-11-21 00:40:09.844 +00:00] [INF] [71] Jellyfin.Api.Helpers.MediaInfoHelper: User policy for "ryan". EnablePlaybackRemuxing: True EnableVideoPlaybackTranscoding: True EnableAudioPlaybackTranscoding: True
[2024-11-21 01:02:34.055 +00:00] [INF] [98] Emby.Server.Implementations.Session.SessionManager: Playback stopped reported by app "Android TV" "0.17.9" playing "Unfulfilled". Stopped at "1342949" ms
[2024-11-21 01:02:41.694 +00:00] [INF] [50] Jellyfin.Api.Helpers.MediaInfoHelper: User policy for "ryan". EnablePlaybackRemuxing: True EnableVideoPlaybackTranscoding: True EnableAudioPlaybackTranscoding: True
[2024-11-21 01:24:55.676 +00:00] [INF] [30] Jellyfin.Api.Helpers.MediaInfoHelper: User policy for "ryan". EnablePlaybackRemuxing: True EnableVideoPlaybackTranscoding: True EnableAudioPlaybackTranscoding: True
[2024-11-21 01:25:02.748 +00:00] [INF] [101] Jellyfin.Api.Helpers.MediaInfoHelper: User policy for "ryan". EnablePlaybackRemuxing: True EnableVideoPlaybackTranscoding: True EnableAudioPlaybackTranscoding: True
[2024-11-21 01:25:08.901 +00:00] [INF] [50] Jellyfin.Api.Helpers.MediaInfoHelper: User policy for "ryan". EnablePlaybackRemuxing: True EnableVideoPlaybackTranscoding: True EnableAudioPlaybackTranscoding: True
[2024-11-21 01:25:13.363 +00:00] [INF] [100] Jellyfin.Api.Helpers.MediaInfoHelper: User policy for "ryan". EnablePlaybackRemuxing: True EnableVideoPlaybackTranscoding: True EnableAudioPlaybackTranscoding: True
[2024-11-21 01:25:17.147 +00:00] [INF] [111] Emby.Server.Implementations.Session.SessionManager: Playback stopped reported by app "Android TV" "0.17.9" playing "Bike Parade". Stopped at "3493" ms
[2024-11-21 01:27:53.948 +00:00] [WRN] [102] Emby.Server.Implementations.HttpServer.WebSocketConnection: WS "192.168.3.1" error receiving data: "The remote party closed the WebSocket connection without completing the close handshake."
[2024-11-21 01:27:53.955 +00:00] [INF] [102] Emby.Server.Implementations.HttpServer.WebSocketManager: WS "192.168.3.1" closed
[2024-11-21 02:00:00.098 +00:00] [INF] [90] Emby.Server.Implementations.MediaEncoder.EncodingManager: Skipping chapter image extraction for "Pickle Rick" as the average chapter duration 0 was lower than the minimum threshold 10000000
[2024-11-21 02:00:00.193 +00:00] [INF] [90] Emby.Server.Implementations.ScheduledTasks.TaskManager: "Extract Chapter Images" Completed after 0 minute(s) and 0 seconds
[2024-11-21 02:00:01.004 +00:00] [INF] [90] Emby.Server.Implementations.ScheduledTasks.TaskManager: Daily trigger for "Extract Chapter Images" set to fire at 2024-11-22 02:00:00.000 +00:00, which is 23:59:58.9958304 from now.
[2024-11-21 03:00:00.124 +00:00] [INF] [20] Emby.Server.Implementations.ScheduledTasks.TaskManager: "Generate Trickplay Images" Completed after 0 minute(s) and 0 seconds
[2024-11-21 03:00:00.995 +00:00] [INF] [20] Emby.Server.Implementations.ScheduledTasks.TaskManager: Daily trigger for "Generate Trickplay Images" set to fire at 2024-11-22 03:00:00.000 +00:00, which is 23:59:59.0045655 from now.
[2024-11-21 04:10:38.582 +00:00] [INF] [90] Emby.Server.Implementations.ScheduledTasks.TaskManager: "Download missing lyrics" Completed after 0 minute(s) and 0 seconds
[2024-11-21 04:10:38.628 +00:00] [INF] [90] Emby.Server.Implementations.ScheduledTasks.TaskManager: "Clean Cache Directory" Completed after 0 minute(s) and 0 seconds
[2024-11-21 04:10:38.649 +00:00] [INF] [90] Emby.Server.Implementations.ScheduledTasks.TaskManager: "Download missing subtitles" Completed after 0 minute(s) and 0 seconds
[2024-11-21 04:10:38.671 +00:00] [INF] [90] Emby.Server.Implementations.ScheduledTasks.TaskManager: "Clean Log Directory" Completed after 0 minute(s) and 0 seconds
[2024-11-21 04:10:38.691 +00:00] [INF] [90] Emby.Server.Implementations.ScheduledTasks.TaskManager: "Clean Transcode Directory" Completed after 0 minute(s) and 0 seconds
[2024-11-21 04:10:38.712 +00:00] [INF] [90] Emby.Server.Implementations.ScheduledTasks.Tasks.OptimizeDatabaseTask: Optimizing and vacuuming jellyfin.db...
[2024-11-21 04:10:38.716 +00:00] [INF] [37] Emby.Server.Implementations.ScheduledTasks.TaskManager: "Audio Normalization" Completed after 0 minute(s) and 0 seconds
[2024-11-21 04:10:38.737 +00:00] [INF] [90] Emby.Server.Implementations.ScheduledTasks.Tasks.OptimizeDatabaseTask: jellyfin.db optimized successfully!
[2024-11-21 04:10:38.737 +00:00] [INF] [90] Emby.Server.Implementations.ScheduledTasks.TaskManager: "Optimize database" Completed after 0 minute(s) and 0 seconds
[2024-11-21 04:10:38.767 +00:00] [INF] [90] Emby.Server.Implementations.ScheduledTasks.TaskManager: "TasksRefreshChannels" Completed after 0 minute(s) and 0 seconds
[2024-11-21 04:10:39.191 +00:00] [INF] [37] Emby.Server.Implementations.ScheduledTasks.TaskManager: "Update Plugins" Completed after 0 minute(s) and 0 seconds
[2024-11-21 04:10:41.769 +00:00] [INF] [37] Jellyfin.LiveTv.Guide.GuideManager: Refreshing guide with 7 days of guide data
[2024-11-21 04:10:41.769 +00:00] [INF] [37] Emby.Server.Implementations.ScheduledTasks.TaskManager: "Refresh Guide" Completed after 0 minute(s) and 3 seconds
[2024-11-21 04:12:42.087 +00:00] [INF] [61] Emby.Server.Implementations.IO.LibraryMonitor: Stopping directory watching for path "/media/movies"
[2024-11-21 04:12:42.087 +00:00] [INF] [61] Emby.Server.Implementations.IO.LibraryMonitor: Stopping directory watching for path "/media/shows"
[2024-11-21 04:12:42.088 +00:00] [INF] [61] Emby.Server.Implementations.IO.LibraryMonitor: Stopping directory watching for path "/media/books"
[2024-11-21 04:12:42.088 +00:00] [INF] [61] Emby.Server.Implementations.Library.LibraryManager: Validating media library
[2024-11-21 04:12:42.155 +00:00] [WRN] [61] MediaBrowser.Controller.Entities.BaseItem: Library folder "/config/data/playlists" is inaccessible or empty, skipping
[2024-11-21 04:12:42.261 +00:00] [WRN] [61] MediaBrowser.Controller.Entities.BaseItem: Library folder "/config/data/playlists" is inaccessible or empty, skipping
[2024-11-21 04:12:43.256 +00:00] [INF] [94] Emby.Server.Implementations.ScheduledTasks.TaskManager: "Media Segment Scan" Completed after 0 minute(s) and 1 seconds
[2024-11-21 04:12:56.504 +00:00] [INF] [21] Emby.Server.Implementations.ScheduledTasks.TaskManager: "Scan Media Library" Completed after 0 minute(s) and 14 seconds
[2024-11-21 04:12:56.530 +00:00] [INF] [69] Emby.Server.Implementations.IO.LibraryMonitor: Watching directory "/media/books"
[2024-11-21 04:12:56.779 +00:00] [INF] [61] Emby.Server.Implementations.IO.LibraryMonitor: Watching directory "/media/movies"
[2024-11-21 04:12:57.345 +00:00] [INF] [94] Emby.Server.Implementations.IO.LibraryMonitor: Watching directory "/media/shows"
[2024-11-21 16:13:43.298 +00:00] [INF] [40] Emby.Server.Implementations.IO.LibraryMonitor: Stopping directory watching for path "/media/movies"
[2024-11-21 16:13:43.299 +00:00] [INF] [40] Emby.Server.Implementations.IO.LibraryMonitor: Stopping directory watching for path "/media/shows"
[2024-11-21 16:13:43.299 +00:00] [INF] [40] Emby.Server.Implementations.IO.LibraryMonitor: Stopping directory watching for path "/media/books"
[2024-11-21 16:13:43.300 +00:00] [INF] [40] Emby.Server.Implementations.Library.LibraryManager: Validating media library
[2024-11-21 16:13:44.025 +00:00] [WRN] [40] MediaBrowser.Controller.Entities.BaseItem: Library folder "/config/data/playlists" is inaccessible or empty, skipping
[2024-11-21 16:13:44.913 +00:00] [WRN] [40] MediaBrowser.Controller.Entities.BaseItem: Library folder "/config/data/playlists" is inaccessible or empty, skipping
[2024-11-21 16:13:53.006 +00:00] [INF] [93] Emby.Server.Implementations.ScheduledTasks.TaskManager: "Media Segment Scan" Completed after 0 minute(s) and 9 seconds
[2024-11-21 16:14:05.212 +00:00] [INF] [124] Emby.Server.Implementations.ScheduledTasks.TaskManager: "Scan Media Library" Completed after 0 minute(s) and 21 seconds
[2024-11-21 16:14:05.238 +00:00] [INF] [74] Emby.Server.Implementations.IO.LibraryMonitor: Watching directory "/media/books"
[2024-11-21 16:14:05.476 +00:00] [INF] [87] Emby.Server.Implementations.IO.LibraryMonitor: Watching directory "/media/movies"
[2024-11-21 16:14:06.014 +00:00] [INF] [124] Emby.Server.Implementations.IO.LibraryMonitor: Watching directory "/media/shows"
[2024-11-21 19:16:57.728 +00:00] [INF] [95] Emby.Server.Implementations.HttpServer.WebSocketManager: WS "192.168.3.1" request
[2024-11-21 19:18:03.862 +00:00] [INF] [116] Jellyfin.Api.Helpers.MediaInfoHelper: User policy for "ryan". EnablePlaybackRemuxing: True EnableVideoPlaybackTranscoding: True EnableAudioPlaybackTranscoding: True
[2024-11-21 19:19:30.437 +00:00] [INF] [95] Emby.Server.Implementations.Session.SessionManager: Playback stopped reported by app "Android TV" "0.17.9" playing "The Turkey Strikes Back". Stopped at "85440" ms
[2024-11-21 19:19:45.684 +00:00] [INF] [31] Jellyfin.Api.Helpers.MediaInfoHelper: User policy for "ryan". EnablePlaybackRemuxing: True EnableVideoPlaybackTranscoding: True EnableAudioPlaybackTranscoding: True
[2024-11-21 19:19:50.114 +00:00] [INF] [8] Emby.Server.Implementations.Session.SessionManager: Playback stopped reported by app "Android TV" "0.17.9" playing "I, Roommate". Stopped at "3261" ms
[2024-11-21 19:20:20.633 +00:00] [INF] [116] Jellyfin.Api.Helpers.MediaInfoHelper: User policy for "ryan". EnablePlaybackRemuxing: True EnableVideoPlaybackTranscoding: True EnableAudioPlaybackTranscoding: True
[2024-11-21 19:42:55.250 +00:00] [INF] [112] Emby.Server.Implementations.Session.SessionManager: Playback stopped reported by app "Android TV" "0.17.9" playing "A Head in the Polls". Stopped at "1353442" ms
[2024-11-21 19:43:02.789 +00:00] [INF] [59] Jellyfin.Api.Helpers.MediaInfoHelper: User policy for "ryan". EnablePlaybackRemuxing: True EnableVideoPlaybackTranscoding: True EnableAudioPlaybackTranscoding: True
[2024-11-21 19:48:02.021 +00:00] [INF] [56] Emby.Server.Implementations.Session.SessionManager: Playback stopped reported by app "Android TV" "0.17.9" playing "A Head in the Polls". Stopped at "298304" ms
