[2024-11-20 00:31:47.071 +00:00] [INF] [74] Emby.Server.Implementations.Session.SessionWebSocketListener: Sending ForceKeepAlive message to 1 inactive WebSockets.
[2024-11-20 00:31:59.073 +00:00] [INF] [74] Emby.Server.Implementations.Session.SessionWebSocketListener: Lost 1 WebSockets.
[2024-11-20 00:32:14.872 +00:00] [WRN] [74] Emby.Server.Implementations.HttpServer.WebSocketConnection: WS "192.168.3.1" error receiving data: "The remote party closed the WebSocket connection without completing the close handshake."
[2024-11-20 00:32:14.892 +00:00] [INF] [74] Emby.Server.Implementations.HttpServer.WebSocketManager: WS "192.168.3.1" closed
[2024-11-20 02:00:00.108 +00:00] [INF] [129] Emby.Server.Implementations.MediaEncoder.EncodingManager: Skipping chapter image extraction for "Pickle Rick" as the average chapter duration 0 was lower than the minimum threshold 10000000
[2024-11-20 02:00:00.232 +00:00] [INF] [129] Emby.Server.Implementations.ScheduledTasks.TaskManager: "Extract Chapter Images" Completed after 0 minute(s) and 0 seconds
[2024-11-20 02:00:01.001 +00:00] [INF] [129] Emby.Server.Implementations.ScheduledTasks.TaskManager: Daily trigger for "Extract Chapter Images" set to fire at 2024-11-21 02:00:00.000 +00:00, which is 23:59:58.9980459 from now.
[2024-11-20 03:00:00.111 +00:00] [INF] [21] Emby.Server.Implementations.ScheduledTasks.TaskManager: "Generate Trickplay Images" Completed after 0 minute(s) and 0 seconds
[2024-11-20 03:00:01.003 +00:00] [INF] [21] Emby.Server.Implementations.ScheduledTasks.TaskManager: Daily trigger for "Generate Trickplay Images" set to fire at 2024-11-21 03:00:00.000 +00:00, which is 23:59:58.9969230 from now.
[2024-11-20 04:00:46.640 +00:00] [INF] [62] Emby.Server.Implementations.HttpServer.WebSocketManager: WS "192.168.3.1" request
[2024-11-20 04:05:54.889 +00:00] [INF] [121] Jellyfin.Api.Helpers.MediaInfoHelper: User policy for "ryan". EnablePlaybackRemuxing: True EnableVideoPlaybackTranscoding: True EnableAudioPlaybackTranscoding: True
[2024-11-20 04:09:37.587 +00:00] [INF] [26] Emby.Server.Implementations.ScheduledTasks.TaskManager: "Download missing lyrics" Completed after 0 minute(s) and 0 seconds
[2024-11-20 04:09:37.617 +00:00] [INF] [69] Emby.Server.Implementations.ScheduledTasks.TaskManager: "Audio Normalization" Completed after 0 minute(s) and 0 seconds
[2024-11-20 04:09:37.639 +00:00] [INF] [69] Emby.Server.Implementations.ScheduledTasks.TaskManager: "Download missing subtitles" Completed after 0 minute(s) and 0 seconds
[2024-11-20 04:09:37.660 +00:00] [INF] [69] Emby.Server.Implementations.ScheduledTasks.TaskManager: "Clean Log Directory" Completed after 0 minute(s) and 0 seconds
[2024-11-20 04:09:37.680 +00:00] [INF] [69] Emby.Server.Implementations.ScheduledTasks.TaskManager: "Clean Transcode Directory" Completed after 0 minute(s) and 0 seconds
[2024-11-20 04:09:37.702 +00:00] [INF] [26] Emby.Server.Implementations.ScheduledTasks.TaskManager: "Clean Cache Directory" Completed after 0 minute(s) and 0 seconds
[2024-11-20 04:09:37.727 +00:00] [INF] [69] Emby.Server.Implementations.ScheduledTasks.Tasks.OptimizeDatabaseTask: Optimizing and vacuuming jellyfin.db...
[2024-11-20 04:09:37.769 +00:00] [INF] [120] Emby.Server.Implementations.ScheduledTasks.TaskManager: "TasksRefreshChannels" Completed after 0 minute(s) and 0 seconds
[2024-11-20 04:09:37.790 +00:00] [INF] [69] Emby.Server.Implementations.ScheduledTasks.Tasks.OptimizeDatabaseTask: jellyfin.db optimized successfully!
[2024-11-20 04:09:37.791 +00:00] [INF] [69] Emby.Server.Implementations.ScheduledTasks.TaskManager: "Optimize database" Completed after 0 minute(s) and 0 seconds
[2024-11-20 04:09:38.315 +00:00] [INF] [26] Emby.Server.Implementations.ScheduledTasks.TaskManager: "Update Plugins" Completed after 0 minute(s) and 0 seconds
[2024-11-20 04:09:40.830 +00:00] [INF] [120] Jellyfin.LiveTv.Guide.GuideManager: Refreshing guide with 7 days of guide data
[2024-11-20 04:09:40.835 +00:00] [INF] [120] Emby.Server.Implementations.ScheduledTasks.TaskManager: "Refresh Guide" Completed after 0 minute(s) and 3 seconds
[2024-11-20 04:10:39.082 +00:00] [INF] [69] Emby.Server.Implementations.IO.LibraryMonitor: Stopping directory watching for path "/media/movies"
[2024-11-20 04:10:39.083 +00:00] [INF] [69] Emby.Server.Implementations.IO.LibraryMonitor: Stopping directory watching for path "/media/shows"
[2024-11-20 04:10:39.083 +00:00] [INF] [69] Emby.Server.Implementations.IO.LibraryMonitor: Stopping directory watching for path "/media/books"
[2024-11-20 04:10:39.083 +00:00] [INF] [69] Emby.Server.Implementations.Library.LibraryManager: Validating media library
[2024-11-20 04:10:39.146 +00:00] [WRN] [69] MediaBrowser.Controller.Entities.BaseItem: Library folder "/config/data/playlists" is inaccessible or empty, skipping
[2024-11-20 04:10:39.241 +00:00] [WRN] [69] MediaBrowser.Controller.Entities.BaseItem: Library folder "/config/data/playlists" is inaccessible or empty, skipping
[2024-11-20 04:10:40.363 +00:00] [INF] [3] Emby.Server.Implementations.ScheduledTasks.TaskManager: "Media Segment Scan" Completed after 0 minute(s) and 1 seconds
[2024-11-20 04:10:52.758 +00:00] [INF] [60] Emby.Server.Implementations.ScheduledTasks.TaskManager: "Scan Media Library" Completed after 0 minute(s) and 13 seconds
[2024-11-20 04:10:52.787 +00:00] [INF] [122] Emby.Server.Implementations.IO.LibraryMonitor: Watching directory "/media/books"
[2024-11-20 04:10:53.026 +00:00] [INF] [119] Emby.Server.Implementations.IO.LibraryMonitor: Watching directory "/media/movies"
[2024-11-20 04:10:53.573 +00:00] [INF] [62] Emby.Server.Implementations.IO.LibraryMonitor: Watching directory "/media/shows"
[2024-11-20 04:28:19.030 +00:00] [INF] [115] Emby.Server.Implementations.Session.SessionManager: Playback stopped reported by app "Android TV" "0.17.9" playing "Time to Get Cereal". Stopped at "1342933" ms
[2024-11-20 04:28:26.381 +00:00] [INF] [54] Jellyfin.Api.Helpers.MediaInfoHelper: User policy for "ryan". EnablePlaybackRemuxing: True EnableVideoPlaybackTranscoding: True EnableAudioPlaybackTranscoding: True
[2024-11-20 04:50:50.425 +00:00] [INF] [108] Emby.Server.Implementations.Session.SessionManager: Playback stopped reported by app "Android TV" "0.17.9" playing "Nobody Got Cereal?". Stopped at "1342858" ms
[2024-11-20 04:50:57.942 +00:00] [INF] [109] Jellyfin.Api.Helpers.MediaInfoHelper: User policy for "ryan". EnablePlaybackRemuxing: True EnableVideoPlaybackTranscoding: True EnableAudioPlaybackTranscoding: True
[2024-11-20 05:01:25.572 +00:00] [INF] [111] Jellyfin.Api.Helpers.MediaInfoHelper: User policy for "ryan". EnablePlaybackRemuxing: True EnableVideoPlaybackTranscoding: True EnableAudioPlaybackTranscoding: True
[2024-11-20 05:01:29.000 +00:00] [INF] [70] Jellyfin.Api.Helpers.MediaInfoHelper: User policy for "ryan". EnablePlaybackRemuxing: True EnableVideoPlaybackTranscoding: True EnableAudioPlaybackTranscoding: True
[2024-11-20 05:01:32.056 +00:00] [INF] [112] Jellyfin.Api.Helpers.MediaInfoHelper: User policy for "ryan". EnablePlaybackRemuxing: True EnableVideoPlaybackTranscoding: True EnableAudioPlaybackTranscoding: True
[2024-11-20 05:01:34.721 +00:00] [INF] [112] Jellyfin.Api.Helpers.MediaInfoHelper: User policy for "ryan". EnablePlaybackRemuxing: True EnableVideoPlaybackTranscoding: True EnableAudioPlaybackTranscoding: True
[2024-11-20 05:01:37.945 +00:00] [INF] [70] Emby.Server.Implementations.Session.SessionManager: Playback stopped reported by app "Android TV" "0.17.9" playing "Buddha Box". Stopped at "2804" ms
[2024-11-20 05:01:39.571 +00:00] [INF] [70] Jellyfin.Api.Helpers.MediaInfoHelper: User policy for "ryan". EnablePlaybackRemuxing: True EnableVideoPlaybackTranscoding: True EnableAudioPlaybackTranscoding: True
[2024-11-20 05:01:45.063 +00:00] [INF] [101] Jellyfin.Api.Helpers.MediaInfoHelper: User policy for "ryan". EnablePlaybackRemuxing: True EnableVideoPlaybackTranscoding: True EnableAudioPlaybackTranscoding: True
[2024-11-20 05:01:49.840 +00:00] [INF] [99] Jellyfin.Api.Helpers.MediaInfoHelper: User policy for "ryan". EnablePlaybackRemuxing: True EnableVideoPlaybackTranscoding: True EnableAudioPlaybackTranscoding: True
[2024-11-20 05:01:52.703 +00:00] [INF] [101] Jellyfin.Api.Helpers.MediaInfoHelper: User policy for "ryan". EnablePlaybackRemuxing: True EnableVideoPlaybackTranscoding: True EnableAudioPlaybackTranscoding: True
[2024-11-20 05:01:56.224 +00:00] [INF] [99] Jellyfin.Api.Helpers.MediaInfoHelper: User policy for "ryan". EnablePlaybackRemuxing: True EnableVideoPlaybackTranscoding: True EnableAudioPlaybackTranscoding: True
[2024-11-20 05:01:59.817 +00:00] [INF] [113] Emby.Server.Implementations.Session.SessionManager: Playback stopped reported by app "Android TV" "0.17.9" playing "Buddha Box". Stopped at "3139" ms
[2024-11-20 05:04:22.895 +00:00] [INF] [114] Jellyfin.Api.Helpers.MediaInfoHelper: User policy for "ryan". EnablePlaybackRemuxing: True EnableVideoPlaybackTranscoding: True EnableAudioPlaybackTranscoding: True
[2024-11-20 05:15:44.542 +00:00] [INF] [150] Emby.Server.Implementations.Session.SessionManager: Playback stopped reported by app "Android TV" "0.17.9" playing "Dumptown U.S.A.". Stopped at "680101" ms
[2024-11-20 05:15:52.024 +00:00] [INF] [150] Jellyfin.Api.Helpers.MediaInfoHelper: User policy for "ryan". EnablePlaybackRemuxing: True EnableVideoPlaybackTranscoding: True EnableAudioPlaybackTranscoding: True
[2024-11-20 05:16:24.943 +00:00] [INF] [150] Emby.Server.Implementations.Session.SessionManager: Playback stopped reported by app "Android TV" "0.17.9" playing "Dumptown U.S.A.". Stopped at "680518" ms
[2024-11-20 05:16:32.282 +00:00] [INF] [150] Jellyfin.Api.Helpers.MediaInfoHelper: User policy for "ryan". EnablePlaybackRemuxing: True EnableVideoPlaybackTranscoding: True EnableAudioPlaybackTranscoding: True
[2024-11-20 05:27:54.103 +00:00] [INF] [110] Emby.Server.Implementations.Session.SessionManager: Playback stopped reported by app "Android TV" "0.17.9" playing "The Parkie Awards". Stopped at "680660" ms
[2024-11-20 05:28:01.393 +00:00] [INF] [116] Jellyfin.Api.Helpers.MediaInfoHelper: User policy for "ryan". EnablePlaybackRemuxing: True EnableVideoPlaybackTranscoding: True EnableAudioPlaybackTranscoding: True
[2024-11-20 05:39:23.164 +00:00] [INF] [108] Emby.Server.Implementations.Session.SessionManager: Playback stopped reported by app "Android TV" "0.17.9" playing "The Parkie Awards". Stopped at "680673" ms
[2024-11-20 05:39:30.437 +00:00] [INF] [96] Jellyfin.Api.Helpers.MediaInfoHelper: User policy for "ryan". EnablePlaybackRemuxing: True EnableVideoPlaybackTranscoding: True EnableAudioPlaybackTranscoding: True
[2024-11-20 06:43:54.600 +00:00] [INF] [82] Emby.Server.Implementations.Session.SessionManager: Playback stopped reported by app "Android TV" "0.17.9" playing "The Lunch Club". Stopped at "678815" ms
[2024-11-20 07:31:33.263 +00:00] [INF] [110] Jellyfin.Api.Helpers.MediaInfoHelper: User policy for "ryan". EnablePlaybackRemuxing: True EnableVideoPlaybackTranscoding: True EnableAudioPlaybackTranscoding: True
[2024-11-20 07:34:41.834 +00:00] [INF] [51] Emby.Server.Implementations.Session.SessionManager: Playback stopped reported by app "Android TV" "0.17.9" playing "White Chicks". Stopped at "185651" ms
[2024-11-20 16:11:40.081 +00:00] [INF] [22] Emby.Server.Implementations.IO.LibraryMonitor: Stopping directory watching for path "/media/movies"
[2024-11-20 16:11:40.082 +00:00] [INF] [22] Emby.Server.Implementations.IO.LibraryMonitor: Stopping directory watching for path "/media/shows"
[2024-11-20 16:11:40.083 +00:00] [INF] [22] Emby.Server.Implementations.IO.LibraryMonitor: Stopping directory watching for path "/media/books"
[2024-11-20 16:11:40.083 +00:00] [INF] [22] Emby.Server.Implementations.Library.LibraryManager: Validating media library
[2024-11-20 16:11:40.255 +00:00] [WRN] [22] MediaBrowser.Controller.Entities.BaseItem: Library folder "/config/data/playlists" is inaccessible or empty, skipping
[2024-11-20 16:11:40.358 +00:00] [WRN] [22] MediaBrowser.Controller.Entities.BaseItem: Library folder "/config/data/playlists" is inaccessible or empty, skipping
[2024-11-20 16:11:50.362 +00:00] [INF] [21] Emby.Server.Implementations.ScheduledTasks.TaskManager: "Media Segment Scan" Completed after 0 minute(s) and 10 seconds
[2024-11-20 16:12:01.883 +00:00] [INF] [86] Emby.Server.Implementations.ScheduledTasks.TaskManager: "Scan Media Library" Completed after 0 minute(s) and 21 seconds
[2024-11-20 16:12:01.908 +00:00] [INF] [108] Emby.Server.Implementations.IO.LibraryMonitor: Watching directory "/media/books"
[2024-11-20 16:12:02.133 +00:00] [INF] [57] Emby.Server.Implementations.IO.LibraryMonitor: Watching directory "/media/movies"
[2024-11-20 16:12:02.692 +00:00] [INF] [124] Emby.Server.Implementations.IO.LibraryMonitor: Watching directory "/media/shows"
